{"user":{"cmd":"login","fd":30,"name":"matyhtf","avatar":"http:\/\/tp2.sinaimg.cn\/1072494141\/180\/40036684976\/1"},"msg":{"cmd":"message","from":30,"channal":0,"data":"assssssssssssss"},"time":1398165707}
{"user":{"cmd":"login","fd":30,"name":"matyhtf","avatar":"http:\/\/tp2.sinaimg.cn\/1072494141\/180\/40036684976\/1"},"msg":{"cmd":"message","from":30,"channal":0,"data":"\nsdfffffffffffffffffff"},"time":1398165709}
{"user":{"cmd":"login","fd":30,"name":"matyhtf","avatar":"http:\/\/tp2.sinaimg.cn\/1072494141\/180\/40036684976\/1"},"msg":{"cmd":"message","from":30,"channal":0,"data":"\nsdfffffffffffffffffffffff"},"time":1398165711}
{"user":{"cmd":"login","fd":30,"name":"matyhtf","avatar":"http:\/\/tp2.sinaimg.cn\/1072494141\/180\/40036684976\/1"},"msg":{"cmd":"message","from":30,"channal":0,"data":"\nsdfffffffffffffffffff"},"time":1398165713}
{"user":{"cmd":"login","fd":30,"name":"matyhtf","avatar":"http:\/\/tp2.sinaimg.cn\/1072494141\/180\/40036684976\/1"},"msg":{"cmd":"message","from":30,"channal":0,"data":"sdfsd"},"time":1398166937}
{"user":{"cmd":"login","fd":30,"name":"matyhtf","avatar":"http:\/\/tp2.sinaimg.cn\/1072494141\/180\/40036684976\/1"},"msg":{"cmd":"message","from":30,"channal":0,"data":"\nsdfsd"},"time":1398166939}
{"user":{"cmd":"login","fd":31,"name":"rango","avatar":"http:\/\/tp1.sinaimg.cn\/1639733600\/180\/5652582204\/1"},"msg":{"cmd":"message","from":31,"channal":0,"data":"\u58eb\u5927\u592b\u58eb\u5927\u592b"},"time":1398166945}
{"user":{"cmd":"login","fd":31,"name":"rango","avatar":"http:\/\/tp1.sinaimg.cn\/1639733600\/180\/5652582204\/1"},"msg":{"cmd":"message","from":31,"channal":0,"data":"\u58eb\u5927\u592b\u58eb\u5927\u592b\n"},"time":1398166968}
{"user":{"cmd":"login","fd":31,"name":"rango","avatar":"http:\/\/tp1.sinaimg.cn\/1639733600\/180\/5652582204\/1"},"msg":{"cmd":"message","from":31,"channal":0,"data":"\n\u58eb\u5927\u592b\u65f6\u4ee3"},"time":1398167075}
{"user":{"cmd":"login","fd":31,"name":"rango","avatar":"http:\/\/tp1.sinaimg.cn\/1639733600\/180\/5652582204\/1"},"msg":{"cmd":"message","from":31,"channal":0,"data":"\n\u58eb\u5927\u592b"},"time":1398167117}
{"user":{"cmd":"login","fd":31,"name":"rango","avatar":"http:\/\/tp1.sinaimg.cn\/1639733600\/180\/5652582204\/1"},"msg":{"cmd":"message","from":31,"channal":0,"data":"\n\u54c8\u54c8\u54c8"},"time":1398167210}
{"user":{"cmd":"login","fd":31,"name":"rango","avatar":"http:\/\/tp1.sinaimg.cn\/1639733600\/180\/5652582204\/1"},"msg":{"cmd":"message","from":31,"channal":0,"data":"\n\u58eb\u5927\u592b"},"time":1398167276}
{"user":{"cmd":"login","fd":31,"name":"rango","avatar":"http:\/\/tp1.sinaimg.cn\/1639733600\/180\/5652582204\/1"},"msg":{"cmd":"message","from":31,"channal":0,"data":"\u4f60\u597d\n"},"time":1398167392}
{"user":{"cmd":"login","fd":30,"name":"matyhtf","avatar":"http:\/\/tp2.sinaimg.cn\/1072494141\/180\/40036684976\/1"},"msg":{"cmd":"message","from":30,"channal":0,"data":"dffsd"},"time":1398167453}
{"user":{"cmd":"login","fd":30,"name":"matyhtf","avatar":"http:\/\/tp2.sinaimg.cn\/1072494141\/180\/40036684976\/1"},"msg":{"cmd":"message","from":30,"channal":0,"data":"\nsdfsdf"},"time":1398167455}
{"user":{"cmd":"login","fd":30,"name":"matyhtf","avatar":"http:\/\/tp2.sinaimg.cn\/1072494141\/180\/40036684976\/1"},"msg":{"cmd":"message","from":30,"channal":0,"data":"sdfsdf"},"time":1398167458}
{"user":{"cmd":"login","fd":30,"name":"matyhtf","avatar":"http:\/\/tp2.sinaimg.cn\/1072494141\/180\/40036684976\/1"},"msg":{"cmd":"message","from":30,"channal":0,"data":"\n\u65e9\u6309"},"time":1398167462}
{"user":{"cmd":"login","fd":30,"name":"matyhtf","avatar":"http:\/\/tp2.sinaimg.cn\/1072494141\/180\/40036684976\/1"},"msg":{"cmd":"message","from":30,"channal":0,"data":"\u6211\u4eec\u7684\u5fc3"},"time":1398167525}
{"user":{"cmd":"login","fd":31,"name":"rango","avatar":"http:\/\/tp1.sinaimg.cn\/1639733600\/180\/5652582204\/1"},"msg":{"cmd":"message","from":31,"channal":0,"data":"\n\u767d\u7684\u80d6"},"time":1398167616}
{"user":{"cmd":"login","fd":31,"name":"rango","avatar":"http:\/\/tp1.sinaimg.cn\/1639733600\/180\/5652582204\/1"},"msg":{"cmd":"message","from":31,"channal":0,"data":"\u65e5\u5267\n"},"time":1398167658}
{"user":{"cmd":"login","fd":31,"name":"rango","avatar":"http:\/\/tp1.sinaimg.cn\/1639733600\/180\/5652582204\/1"},"msg":{"cmd":"message","from":31,"channal":0,"data":"\u53bb\u6b7b\u4e86\n"},"time":1398167903}
{"user":{"cmd":"login","fd":30,"name":"matyhtf","avatar":"http:\/\/tp2.sinaimg.cn\/1072494141\/180\/40036684976\/1"},"msg":{"cmd":"message","from":30,"channal":0,"data":"\u591f\u51fa"},"time":1398167936}
{"user":{"cmd":"login","fd":30,"name":"matyhtf","avatar":"http:\/\/tp2.sinaimg.cn\/1072494141\/180\/40036684976\/1"},"msg":{"cmd":"message","from":30,"channal":0,"data":"\n\u767e\u4fe1"},"time":1398167939}
{"user":{"cmd":"login","fd":30,"name":"matyhtf","avatar":"http:\/\/tp2.sinaimg.cn\/1072494141\/180\/40036684976\/1"},"msg":{"cmd":"message","from":30,"channal":0,"data":"\n\u5a01\u4fe1"},"time":1398167942}
